<?xml version="1.0" encoding="UTF-8"?>
<!-- Generated by org.testng.reporters.JUnitReportReporter -->
<testsuite hostname="Mohammads-Laptop.local" failures="0" tests="4" name="com.qa.opencart.tests.LoginPageTest" time="2.256" errors="0" timestamp="23 May 2024 10:39:17 GMT" skipped="0">
  <testcase classname="com.qa.opencart.tests.LoginPageTest" name="loginPageTitleTest" time="0.006"/>
  <testcase classname="com.qa.opencart.tests.LoginPageTest" name="loginPageUrlTest" time="0.004"/>
  <testcase classname="com.qa.opencart.tests.LoginPageTest" name="loginTest" time="1.752"/>
  <testcase classname="com.qa.opencart.tests.LoginPageTest" name="forgotPwdLinkTest" time="0.494"/>
</testsuite> <!-- com.qa.opencart.tests.LoginPageTest -->
